#-----------------------------------------------------------
# Vivado v2019.2 (64-bit)
# SW Build 2708876 on Wed Nov  6 21:40:23 MST 2019
# IP Build 2700528 on Thu Nov  7 00:09:20 MST 2019
# Start of session at: Tue Sep 27 16:25:02 2022
# Process ID: 12148
# Current directory: C:/Users/8200402/Desktop/project_1
# Command line: vivado.exe -gui_launcher_event rodinguilauncherevent9948 C:\Users\8200402\Desktop\project_1\project_1.xpr
# Log file: C:/Users/8200402/Desktop/project_1/vivado.log
# Journal file: C:/Users/8200402/Desktop/project_1\vivado.jou
#-----------------------------------------------------------
start_gui
open_project C:/Users/8200402/Desktop/project_1/project_1.xpr
INFO: [Project 1-313] Project file moved from 'E:/aps_lab/project_1' since last save.
Scanning sources...
Finished scanning sources
INFO: [IP_Flow 19-234] Refreshing IP repositories
INFO: [IP_Flow 19-1704] No user IP repositories specified
INFO: [IP_Flow 19-2313] Loaded Vivado IP repository 'D:/Xilinx/Vivado/2019.2/data/ip'.
open_project: Time (s): cpu = 00:00:11 ; elapsed = 00:00:07 . Memory (MB): peak = 881.465 ; gain = 238.836
update_compile_order -fileset sources_1
launch_simulation
Command: launch_simulation 
INFO: [Vivado 12-5682] Launching behavioral simulation in 'C:/Users/8200402/Desktop/project_1/project_1.sim/sim_1/behav/xsim'
INFO: [SIM-utils-51] Simulation object is 'sim_1'
INFO: [SIM-utils-54] Inspecting design source files for 'alu_tb' in fileset 'sim_1'...
INFO: [USF-XSim-97] Finding global include files...
INFO: [USF-XSim-98] Fetching design files from 'sim_1'...
INFO: [USF-XSim-2] XSim::Compile design
INFO: [USF-XSim-61] Executing 'COMPILE and ANALYZE' step in 'C:/Users/8200402/Desktop/project_1/project_1.sim/sim_1/behav/xsim'
"xvlog --incr --relax -prj alu_tb_vlog.prj"
INFO: [VRFC 10-2263] Analyzing Verilog file "C:/Users/8200402/Desktop/project_1/project_1.srcs/sources_1/new/alu.v" into library xil_defaultlib
INFO: [VRFC 10-311] analyzing module alu
INFO: [VRFC 10-2263] Analyzing Verilog file "C:/Users/8200402/Desktop/project_1/project_1.srcs/sim_1/new/alu_tb.v" into library xil_defaultlib
INFO: [VRFC 10-311] analyzing module alu_tb
WARNING: [VRFC 10-2292] extra semicolon is not allowed here in this dialect. Use SystemVerilog mode [C:/Users/8200402/Desktop/project_1/project_1.srcs/sim_1/new/alu_tb.v:50]
WARNING: [VRFC 10-2292] extra semicolon is not allowed here in this dialect. Use SystemVerilog mode [C:/Users/8200402/Desktop/project_1/project_1.srcs/sim_1/new/alu_tb.v:56]
INFO: [VRFC 10-2263] Analyzing Verilog file "C:/Users/8200402/Desktop/project_1/project_1.sim/sim_1/behav/xsim/glbl.v" into library xil_defaultlib
INFO: [VRFC 10-311] analyzing module glbl
INFO: [USF-XSim-69] 'compile' step finished in '1' seconds
INFO: [USF-XSim-3] XSim::Elaborate design
INFO: [USF-XSim-61] Executing 'ELABORATE' step in 'C:/Users/8200402/Desktop/project_1/project_1.sim/sim_1/behav/xsim'
"xelab -wto 1cd5fe1366244382ab9d9a1c30e7fe84 --incr --debug typical --relax --mt 2 -L xil_defaultlib -L unisims_ver -L unimacro_ver -L secureip --snapshot alu_tb_behav xil_defaultlib.alu_tb xil_defaultlib.glbl -log elaborate.log"
Vivado Simulator 2019.2
Copyright 1986-1999, 2001-2019 Xilinx, Inc. All Rights Reserved.
Running: D:/Xilinx/Vivado/2019.2/bin/unwrapped/win64.o/xelab.exe -wto 1cd5fe1366244382ab9d9a1c30e7fe84 --incr --debug typical --relax --mt 2 -L xil_defaultlib -L unisims_ver -L unimacro_ver -L secureip --snapshot alu_tb_behav xil_defaultlib.alu_tb xil_defaultlib.glbl -log elaborate.log 
Using 2 slave threads.
Starting static elaboration
Pass Through NonSizing Optimizer
Completed static elaboration
Starting simulation data flow analysis
Completed simulation data flow analysis
Time Resolution for simulation is 1ps
Compiling module xil_defaultlib.alu
Compiling module xil_defaultlib.alu_tb
Compiling module xil_defaultlib.glbl
Built simulation snapshot alu_tb_behav
INFO: [USF-XSim-69] 'elaborate' step finished in '2' seconds
INFO: [USF-XSim-4] XSim::Simulate design
INFO: [USF-XSim-61] Executing 'SIMULATE' step in 'C:/Users/8200402/Desktop/project_1/project_1.sim/sim_1/behav/xsim'
INFO: [USF-XSim-98] *** Running xsim
   with args "alu_tb_behav -key {Behavioral:sim_1:Functional:alu_tb} -tclbatch {alu_tb.tcl} -log {simulate.log}"
INFO: [USF-XSim-8] Loading simulator feature
Vivado Simulator 2019.2
Time resolution is 1 ps
source alu_tb.tcl
# set curr_wave [current_wave_config]
# if { [string length $curr_wave] == 0 } {
#   if { [llength [get_objects]] > 0} {
#     add_wave /
#     set_property needs_save false [current_wave_config]
#   } else {
#      send_msg_id Add_Wave-1 WARNING "No top level signals found. Simulator will start without a wave window. If you want to open a wave window go to 'File->New Waveform Configuration' or type 'create_wave_config' in the TCL console."
#   }
# }
# run 10000ns
GOOD  3 +  4 =  7
GOOD  7 +  9 =  0
GOOD  5 -  4 =  1
GOOD  8 -  3 =  5
GOOD  3 <<  1 =  6
GOOD  9 <<  2 =  4
GOOD  1 <  1 =  0
BAD  2 <  5 =  0
GOOD  8 <  7 =  0
BAD  0 < 11 =  0
GOOD  9 ^  9 =  0
GOOD  9 ^  8 =  1
GOOD  6 >>  4 =  0
GOOD 15 >>  8 =  0
GOOD  7 >>>  2 =  1
GOOD  6 >>>  1 =  3
BAD  0 |  1 =  0
BAD 12 |  5 =  0
GOOD  0 &  0 =  0
BAD  9 &  3 =  0
GOOD  5 ==  5 = 1
GOOD 15 ==  1 = 0
GOOD  5 -  5 = 0
GOOD 15 -  1 = 1
GOOD  4 < 11 = 0
GOOD  5 <  4 = 0
GOOD 10 -  2 >= 0
GOOD  3 -  5 >= 0
GOOD 12 - 11 >= 0
GOOD  5 -  4 >= 0
BAD  6 >=  2 >= 0
GOOD  3 >=  5 >= 0
$stop called at time : 8900 ns : File "C:/Users/8200402/Desktop/project_1/project_1.srcs/sim_1/new/alu_tb.v" Line 104
INFO: [USF-XSim-96] XSim completed. Design snapshot 'alu_tb_behav' loaded.
INFO: [USF-XSim-97] XSim simulation ran for 10000ns
launch_simulation: Time (s): cpu = 00:00:08 ; elapsed = 00:00:07 . Memory (MB): peak = 977.102 ; gain = 25.578
close_sim
INFO: [Simtcl 6-16] Simulation closed
launch_simulation
Command: launch_simulation 
INFO: [Vivado 12-5682] Launching behavioral simulation in 'C:/Users/8200402/Desktop/project_1/project_1.sim/sim_1/behav/xsim'
INFO: [SIM-utils-51] Simulation object is 'sim_1'
INFO: [SIM-utils-54] Inspecting design source files for 'alu_tb' in fileset 'sim_1'...
INFO: [USF-XSim-97] Finding global include files...
INFO: [USF-XSim-98] Fetching design files from 'sim_1'...
INFO: [USF-XSim-2] XSim::Compile design
INFO: [USF-XSim-61] Executing 'COMPILE and ANALYZE' step in 'C:/Users/8200402/Desktop/project_1/project_1.sim/sim_1/behav/xsim'
"xvlog --incr --relax -prj alu_tb_vlog.prj"
INFO: [VRFC 10-2263] Analyzing Verilog file "C:/Users/8200402/Desktop/project_1/project_1.srcs/sources_1/new/alu.v" into library xil_defaultlib
INFO: [VRFC 10-311] analyzing module alu
INFO: [VRFC 10-2263] Analyzing Verilog file "C:/Users/8200402/Desktop/project_1/project_1.srcs/sim_1/new/alu_tb.v" into library xil_defaultlib
INFO: [VRFC 10-311] analyzing module alu_tb
WARNING: [VRFC 10-2292] extra semicolon is not allowed here in this dialect. Use SystemVerilog mode [C:/Users/8200402/Desktop/project_1/project_1.srcs/sim_1/new/alu_tb.v:50]
WARNING: [VRFC 10-2292] extra semicolon is not allowed here in this dialect. Use SystemVerilog mode [C:/Users/8200402/Desktop/project_1/project_1.srcs/sim_1/new/alu_tb.v:56]
INFO: [USF-XSim-69] 'compile' step finished in '1' seconds
INFO: [USF-XSim-3] XSim::Elaborate design
INFO: [USF-XSim-61] Executing 'ELABORATE' step in 'C:/Users/8200402/Desktop/project_1/project_1.sim/sim_1/behav/xsim'
"xelab -wto 1cd5fe1366244382ab9d9a1c30e7fe84 --incr --debug typical --relax --mt 2 -L xil_defaultlib -L unisims_ver -L unimacro_ver -L secureip --snapshot alu_tb_behav xil_defaultlib.alu_tb xil_defaultlib.glbl -log elaborate.log"
Vivado Simulator 2019.2
Copyright 1986-1999, 2001-2019 Xilinx, Inc. All Rights Reserved.
Running: D:/Xilinx/Vivado/2019.2/bin/unwrapped/win64.o/xelab.exe -wto 1cd5fe1366244382ab9d9a1c30e7fe84 --incr --debug typical --relax --mt 2 -L xil_defaultlib -L unisims_ver -L unimacro_ver -L secureip --snapshot alu_tb_behav xil_defaultlib.alu_tb xil_defaultlib.glbl -log elaborate.log 
Using 2 slave threads.
Starting static elaboration
Pass Through NonSizing Optimizer
Completed static elaboration
Starting simulation data flow analysis
Completed simulation data flow analysis
Time Resolution for simulation is 1ps
Compiling module xil_defaultlib.alu
Compiling module xil_defaultlib.alu_tb
Compiling module xil_defaultlib.glbl
Built simulation snapshot alu_tb_behav
INFO: [USF-XSim-69] 'elaborate' step finished in '2' seconds
INFO: [USF-XSim-4] XSim::Simulate design
INFO: [USF-XSim-61] Executing 'SIMULATE' step in 'C:/Users/8200402/Desktop/project_1/project_1.sim/sim_1/behav/xsim'
INFO: [USF-XSim-98] *** Running xsim
   with args "alu_tb_behav -key {Behavioral:sim_1:Functional:alu_tb} -tclbatch {alu_tb.tcl} -log {simulate.log}"
INFO: [USF-XSim-8] Loading simulator feature
Vivado Simulator 2019.2
Time resolution is 1 ps
source alu_tb.tcl
# set curr_wave [current_wave_config]
# if { [string length $curr_wave] == 0 } {
#   if { [llength [get_objects]] > 0} {
#     add_wave /
#     set_property needs_save false [current_wave_config]
#   } else {
#      send_msg_id Add_Wave-1 WARNING "No top level signals found. Simulator will start without a wave window. If you want to open a wave window go to 'File->New Waveform Configuration' or type 'create_wave_config' in the TCL console."
#   }
# }
# run 10000ns
GOOD  3 +  4 =  7
GOOD  7 +  9 =  0
GOOD  5 -  4 =  1
GOOD  8 -  3 =  5
GOOD  3 <<  1 =  6
GOOD  9 <<  2 =  4
GOOD  1 <  1 =  0
BAD  2 <  5 =  0
GOOD  8 <  7 =  0
BAD  0 < 11 =  0
GOOD  9 ^  9 =  0
GOOD  9 ^  8 =  1
GOOD  6 >>  4 =  0
GOOD 15 >>  8 =  0
GOOD  7 >>>  2 =  1
GOOD  6 >>>  1 =  3
BAD  0 |  1 =  0
BAD 12 |  5 =  0
GOOD  0 &  0 =  0
BAD  9 &  3 =  0
GOOD  5 ==  5 = 1
GOOD 15 ==  1 = 0
GOOD  5 !=  5 = 0
GOOD 15 !=  1 = 1
GOOD  4 < 11 = 0
GOOD  5 <  4 = 0
GOOD 10 >  2 = 0
GOOD  3 >  5 = 0
GOOD 12 < 11 = 0
GOOD  5 <  4 = 0
BAD  6 >=  2 = 0
GOOD  3 >=  5 = 0
$stop called at time : 8900 ns : File "C:/Users/8200402/Desktop/project_1/project_1.srcs/sim_1/new/alu_tb.v" Line 104
INFO: [USF-XSim-96] XSim completed. Design snapshot 'alu_tb_behav' loaded.
INFO: [USF-XSim-97] XSim simulation ran for 10000ns
launch_simulation: Time (s): cpu = 00:00:05 ; elapsed = 00:00:05 . Memory (MB): peak = 988.277 ; gain = 0.000
close_sim
INFO: [Simtcl 6-16] Simulation closed
launch_simulation
Command: launch_simulation 
INFO: [Vivado 12-5682] Launching behavioral simulation in 'C:/Users/8200402/Desktop/project_1/project_1.sim/sim_1/behav/xsim'
INFO: [SIM-utils-51] Simulation object is 'sim_1'
INFO: [SIM-utils-54] Inspecting design source files for 'alu_tb' in fileset 'sim_1'...
INFO: [USF-XSim-97] Finding global include files...
INFO: [USF-XSim-98] Fetching design files from 'sim_1'...
INFO: [USF-XSim-2] XSim::Compile design
INFO: [USF-XSim-61] Executing 'COMPILE and ANALYZE' step in 'C:/Users/8200402/Desktop/project_1/project_1.sim/sim_1/behav/xsim'
"xvlog --incr --relax -prj alu_tb_vlog.prj"
INFO: [VRFC 10-2263] Analyzing Verilog file "C:/Users/8200402/Desktop/project_1/project_1.srcs/sources_1/new/alu.v" into library xil_defaultlib
INFO: [VRFC 10-311] analyzing module alu
INFO: [VRFC 10-2263] Analyzing Verilog file "C:/Users/8200402/Desktop/project_1/project_1.srcs/sim_1/new/alu_tb.v" into library xil_defaultlib
INFO: [VRFC 10-311] analyzing module alu_tb
INFO: [USF-XSim-69] 'compile' step finished in '1' seconds
INFO: [USF-XSim-3] XSim::Elaborate design
INFO: [USF-XSim-61] Executing 'ELABORATE' step in 'C:/Users/8200402/Desktop/project_1/project_1.sim/sim_1/behav/xsim'
"xelab -wto 1cd5fe1366244382ab9d9a1c30e7fe84 --incr --debug typical --relax --mt 2 -L xil_defaultlib -L unisims_ver -L unimacro_ver -L secureip --snapshot alu_tb_behav xil_defaultlib.alu_tb xil_defaultlib.glbl -log elaborate.log"
Vivado Simulator 2019.2
Copyright 1986-1999, 2001-2019 Xilinx, Inc. All Rights Reserved.
Running: D:/Xilinx/Vivado/2019.2/bin/unwrapped/win64.o/xelab.exe -wto 1cd5fe1366244382ab9d9a1c30e7fe84 --incr --debug typical --relax --mt 2 -L xil_defaultlib -L unisims_ver -L unimacro_ver -L secureip --snapshot alu_tb_behav xil_defaultlib.alu_tb xil_defaultlib.glbl -log elaborate.log 
Using 2 slave threads.
Starting static elaboration
Pass Through NonSizing Optimizer
Completed static elaboration
Starting simulation data flow analysis
Completed simulation data flow analysis
Time Resolution for simulation is 1ps
Compiling module xil_defaultlib.alu
Compiling module xil_defaultlib.alu_tb
Compiling module xil_defaultlib.glbl
Built simulation snapshot alu_tb_behav
INFO: [USF-XSim-69] 'elaborate' step finished in '2' seconds
INFO: [USF-XSim-4] XSim::Simulate design
INFO: [USF-XSim-61] Executing 'SIMULATE' step in 'C:/Users/8200402/Desktop/project_1/project_1.sim/sim_1/behav/xsim'
INFO: [USF-XSim-98] *** Running xsim
   with args "alu_tb_behav -key {Behavioral:sim_1:Functional:alu_tb} -tclbatch {alu_tb.tcl} -log {simulate.log}"
INFO: [USF-XSim-8] Loading simulator feature
Vivado Simulator 2019.2
Time resolution is 1 ps
source alu_tb.tcl
# set curr_wave [current_wave_config]
# if { [string length $curr_wave] == 0 } {
#   if { [llength [get_objects]] > 0} {
#     add_wave /
#     set_property needs_save false [current_wave_config]
#   } else {
#      send_msg_id Add_Wave-1 WARNING "No top level signals found. Simulator will start without a wave window. If you want to open a wave window go to 'File->New Waveform Configuration' or type 'create_wave_config' in the TCL console."
#   }
# }
# run 10000ns
GOOD  3 +  4 =  7
GOOD  7 +  9 =  0
GOOD  5 -  4 =  1
GOOD  8 -  3 =  5
GOOD  3 <<  1 =  6
GOOD  9 <<  2 =  4
GOOD  1 <  1 =  0
BAD  2 <  5 =  0
GOOD  8 <  7 =  0
BAD  0 < 11 =  0
GOOD  9 ^  9 =  0
GOOD  9 ^  8 =  1
GOOD  6 >>  4 =  0
GOOD 15 >>  8 =  0
GOOD  7 >>>  2 =  1
GOOD  6 >>>  1 =  3
BAD  0 |  1 =  0
BAD 12 |  5 =  0
GOOD  0 &  0 =  0
BAD  9 &  3 =  0
GOOD  5 ==  5 = 1
GOOD 15 ==  1 = 0
GOOD  5 !=  5 = 0
GOOD 15 !=  1 = 1
GOOD  4 < 11 = 0
GOOD  5 <  4 = 0
GOOD 10 >  2 = 0
GOOD  3 >  5 = 0
GOOD 12 < 11 = 0
GOOD  5 <  4 = 0
BAD  6 >=  2 = 0
GOOD  3 >=  5 = 0
$stop called at time : 6400 ns : File "C:/Users/8200402/Desktop/project_1/project_1.srcs/sim_1/new/alu_tb.v" Line 59
INFO: [USF-XSim-96] XSim completed. Design snapshot 'alu_tb_behav' loaded.
INFO: [USF-XSim-97] XSim simulation ran for 10000ns
launch_simulation: Time (s): cpu = 00:00:03 ; elapsed = 00:00:05 . Memory (MB): peak = 988.277 ; gain = 0.000
close_sim
INFO: [Simtcl 6-16] Simulation closed
launch_simulation
Command: launch_simulation 
INFO: [Vivado 12-5682] Launching behavioral simulation in 'C:/Users/8200402/Desktop/project_1/project_1.sim/sim_1/behav/xsim'
INFO: [SIM-utils-51] Simulation object is 'sim_1'
INFO: [SIM-utils-54] Inspecting design source files for 'alu_tb' in fileset 'sim_1'...
INFO: [USF-XSim-97] Finding global include files...
INFO: [USF-XSim-98] Fetching design files from 'sim_1'...
INFO: [USF-XSim-2] XSim::Compile design
INFO: [USF-XSim-61] Executing 'COMPILE and ANALYZE' step in 'C:/Users/8200402/Desktop/project_1/project_1.sim/sim_1/behav/xsim'
"xvlog --incr --relax -prj alu_tb_vlog.prj"
INFO: [USF-XSim-69] 'compile' step finished in '1' seconds
INFO: [USF-XSim-3] XSim::Elaborate design
INFO: [USF-XSim-61] Executing 'ELABORATE' step in 'C:/Users/8200402/Desktop/project_1/project_1.sim/sim_1/behav/xsim'
"xelab -wto 1cd5fe1366244382ab9d9a1c30e7fe84 --incr --debug typical --relax --mt 2 -L xil_defaultlib -L unisims_ver -L unimacro_ver -L secureip --snapshot alu_tb_behav xil_defaultlib.alu_tb xil_defaultlib.glbl -log elaborate.log"
Vivado Simulator 2019.2
Copyright 1986-1999, 2001-2019 Xilinx, Inc. All Rights Reserved.
Running: D:/Xilinx/Vivado/2019.2/bin/unwrapped/win64.o/xelab.exe -wto 1cd5fe1366244382ab9d9a1c30e7fe84 --incr --debug typical --relax --mt 2 -L xil_defaultlib -L unisims_ver -L unimacro_ver -L secureip --snapshot alu_tb_behav xil_defaultlib.alu_tb xil_defaultlib.glbl -log elaborate.log 
Using 2 slave threads.
Starting static elaboration
Pass Through NonSizing Optimizer
Completed static elaboration
INFO: [XSIM 43-4323] No Change in HDL. Linking previously generated obj files to create kernel
INFO: [USF-XSim-69] 'elaborate' step finished in '2' seconds
INFO: [USF-XSim-4] XSim::Simulate design
INFO: [USF-XSim-61] Executing 'SIMULATE' step in 'C:/Users/8200402/Desktop/project_1/project_1.sim/sim_1/behav/xsim'
INFO: [USF-XSim-98] *** Running xsim
   with args "alu_tb_behav -key {Behavioral:sim_1:Functional:alu_tb} -tclbatch {alu_tb.tcl} -log {simulate.log}"
INFO: [USF-XSim-8] Loading simulator feature
Vivado Simulator 2019.2
Time resolution is 1 ps
source alu_tb.tcl
# set curr_wave [current_wave_config]
# if { [string length $curr_wave] == 0 } {
#   if { [llength [get_objects]] > 0} {
#     add_wave /
#     set_property needs_save false [current_wave_config]
#   } else {
#      send_msg_id Add_Wave-1 WARNING "No top level signals found. Simulator will start without a wave window. If you want to open a wave window go to 'File->New Waveform Configuration' or type 'create_wave_config' in the TCL console."
#   }
# }
# run 10000ns
GOOD  3 +  4 =  7
GOOD  7 +  9 =  0
GOOD  5 -  4 =  1
GOOD  8 -  3 =  5
GOOD  3 <<  1 =  6
GOOD  9 <<  2 =  4
GOOD  1 <  1 =  0
BAD  2 <  5 =  0
GOOD  8 <  7 =  0
BAD  0 < 11 =  0
GOOD  9 ^  9 =  0
GOOD  9 ^  8 =  1
GOOD  6 >>  4 =  0
GOOD 15 >>  8 =  0
GOOD  7 >>>  2 =  1
GOOD  6 >>>  1 =  3
BAD  0 |  1 =  0
BAD 12 |  5 =  0
GOOD  0 &  0 =  0
BAD  9 &  3 =  0
GOOD  5 ==  5 = 1
GOOD 15 ==  1 = 0
GOOD  5 !=  5 = 0
GOOD 15 !=  1 = 1
GOOD  4 < 11 = 0
GOOD  5 <  4 = 0
GOOD 10 >  2 = 0
GOOD  3 >  5 = 0
GOOD 12 < 11 = 0
GOOD  5 <  4 = 0
BAD  6 >=  2 = 0
GOOD  3 >=  5 = 0
$stop called at time : 6400 ns : File "C:/Users/8200402/Desktop/project_1/project_1.srcs/sim_1/new/alu_tb.v" Line 59
INFO: [USF-XSim-96] XSim completed. Design snapshot 'alu_tb_behav' loaded.
INFO: [USF-XSim-97] XSim simulation ran for 10000ns
close_sim
INFO: [Simtcl 6-16] Simulation closed
launch_simulation
Command: launch_simulation 
INFO: [Vivado 12-5682] Launching behavioral simulation in 'C:/Users/8200402/Desktop/project_1/project_1.sim/sim_1/behav/xsim'
INFO: [SIM-utils-51] Simulation object is 'sim_1'
INFO: [SIM-utils-54] Inspecting design source files for 'alu_tb' in fileset 'sim_1'...
INFO: [USF-XSim-97] Finding global include files...
INFO: [USF-XSim-98] Fetching design files from 'sim_1'...
INFO: [USF-XSim-2] XSim::Compile design
INFO: [USF-XSim-61] Executing 'COMPILE and ANALYZE' step in 'C:/Users/8200402/Desktop/project_1/project_1.sim/sim_1/behav/xsim'
"xvlog --incr --relax -prj alu_tb_vlog.prj"
INFO: [VRFC 10-2263] Analyzing Verilog file "C:/Users/8200402/Desktop/project_1/project_1.srcs/sources_1/new/alu.v" into library xil_defaultlib
INFO: [VRFC 10-311] analyzing module alu
INFO: [VRFC 10-2263] Analyzing Verilog file "C:/Users/8200402/Desktop/project_1/project_1.srcs/sim_1/new/alu_tb.v" into library xil_defaultlib
INFO: [VRFC 10-311] analyzing module alu_tb
INFO: [USF-XSim-69] 'compile' step finished in '1' seconds
INFO: [USF-XSim-3] XSim::Elaborate design
INFO: [USF-XSim-61] Executing 'ELABORATE' step in 'C:/Users/8200402/Desktop/project_1/project_1.sim/sim_1/behav/xsim'
"xelab -wto 1cd5fe1366244382ab9d9a1c30e7fe84 --incr --debug typical --relax --mt 2 -L xil_defaultlib -L unisims_ver -L unimacro_ver -L secureip --snapshot alu_tb_behav xil_defaultlib.alu_tb xil_defaultlib.glbl -log elaborate.log"
Vivado Simulator 2019.2
Copyright 1986-1999, 2001-2019 Xilinx, Inc. All Rights Reserved.
Running: D:/Xilinx/Vivado/2019.2/bin/unwrapped/win64.o/xelab.exe -wto 1cd5fe1366244382ab9d9a1c30e7fe84 --incr --debug typical --relax --mt 2 -L xil_defaultlib -L unisims_ver -L unimacro_ver -L secureip --snapshot alu_tb_behav xil_defaultlib.alu_tb xil_defaultlib.glbl -log elaborate.log 
Using 2 slave threads.
Starting static elaboration
Pass Through NonSizing Optimizer
Completed static elaboration
Starting simulation data flow analysis
Completed simulation data flow analysis
Time Resolution for simulation is 1ps
Compiling module xil_defaultlib.alu
Compiling module xil_defaultlib.alu_tb
Compiling module xil_defaultlib.glbl
Built simulation snapshot alu_tb_behav
INFO: [USF-XSim-69] 'elaborate' step finished in '2' seconds
INFO: [USF-XSim-4] XSim::Simulate design
INFO: [USF-XSim-61] Executing 'SIMULATE' step in 'C:/Users/8200402/Desktop/project_1/project_1.sim/sim_1/behav/xsim'
INFO: [USF-XSim-98] *** Running xsim
   with args "alu_tb_behav -key {Behavioral:sim_1:Functional:alu_tb} -tclbatch {alu_tb.tcl} -log {simulate.log}"
INFO: [USF-XSim-8] Loading simulator feature
Vivado Simulator 2019.2
Time resolution is 1 ps
source alu_tb.tcl
# set curr_wave [current_wave_config]
# if { [string length $curr_wave] == 0 } {
#   if { [llength [get_objects]] > 0} {
#     add_wave /
#     set_property needs_save false [current_wave_config]
#   } else {
#      send_msg_id Add_Wave-1 WARNING "No top level signals found. Simulator will start without a wave window. If you want to open a wave window go to 'File->New Waveform Configuration' or type 'create_wave_config' in the TCL console."
#   }
# }
# run 10000ns
GOOD  3 +  4 =  7
GOOD  7 +  9 =  0
GOOD  5 -  4 =  1
GOOD  8 -  3 =  5
GOOD  3 <<  1 =  6
GOOD  9 <<  2 =  4
GOOD  1 <  1 =  0
BAD  2 <  5 =  0
GOOD  8 <  7 =  0
BAD  0 < 11 =  0
GOOD  9 ^  9 =  0
GOOD  9 ^  8 =  1
GOOD  6 >>  4 =  0
GOOD 15 >>  8 =  0
GOOD  7 >>>  2 =  1
GOOD  6 >>>  1 =  3
BAD  0 |  1 =  0
BAD 12 |  5 =  0
GOOD  0 &  0 =  0
BAD  9 &  3 =  0
GOOD  5 ==  5 = 1
GOOD 15 ==  1 = 0
GOOD  5 !=  5 = 0
GOOD 15 !=  1 = 1
GOOD  4 < 11 = 0
GOOD  5 <  4 = 0
GOOD 10 >  2 = 0
GOOD  3 >  5 = 0
GOOD 12 < 11 = 0
GOOD  5 <  4 = 0
BAD  6 >=  2 = 0
GOOD  3 >=  5 = 0
$stop called at time : 6400 ns : File "C:/Users/8200402/Desktop/project_1/project_1.srcs/sim_1/new/alu_tb.v" Line 59
INFO: [USF-XSim-96] XSim completed. Design snapshot 'alu_tb_behav' loaded.
INFO: [USF-XSim-97] XSim simulation ran for 10000ns
launch_simulation: Time (s): cpu = 00:00:03 ; elapsed = 00:00:06 . Memory (MB): peak = 988.277 ; gain = 0.000
close_sim
INFO: [Simtcl 6-16] Simulation closed
launch_simulation
Command: launch_simulation 
INFO: [Vivado 12-5682] Launching behavioral simulation in 'C:/Users/8200402/Desktop/project_1/project_1.sim/sim_1/behav/xsim'
INFO: [SIM-utils-51] Simulation object is 'sim_1'
INFO: [SIM-utils-54] Inspecting design source files for 'alu_tb' in fileset 'sim_1'...
INFO: [USF-XSim-97] Finding global include files...
INFO: [USF-XSim-98] Fetching design files from 'sim_1'...
INFO: [USF-XSim-2] XSim::Compile design
INFO: [USF-XSim-61] Executing 'COMPILE and ANALYZE' step in 'C:/Users/8200402/Desktop/project_1/project_1.sim/sim_1/behav/xsim'
"xvlog --incr --relax -prj alu_tb_vlog.prj"
INFO: [VRFC 10-2263] Analyzing Verilog file "C:/Users/8200402/Desktop/project_1/project_1.srcs/sources_1/new/alu.v" into library xil_defaultlib
INFO: [VRFC 10-311] analyzing module alu
INFO: [VRFC 10-2263] Analyzing Verilog file "C:/Users/8200402/Desktop/project_1/project_1.srcs/sim_1/new/alu_tb.v" into library xil_defaultlib
INFO: [VRFC 10-311] analyzing module alu_tb
INFO: [USF-XSim-69] 'compile' step finished in '1' seconds
INFO: [USF-XSim-3] XSim::Elaborate design
INFO: [USF-XSim-61] Executing 'ELABORATE' step in 'C:/Users/8200402/Desktop/project_1/project_1.sim/sim_1/behav/xsim'
"xelab -wto 1cd5fe1366244382ab9d9a1c30e7fe84 --incr --debug typical --relax --mt 2 -L xil_defaultlib -L unisims_ver -L unimacro_ver -L secureip --snapshot alu_tb_behav xil_defaultlib.alu_tb xil_defaultlib.glbl -log elaborate.log"
Vivado Simulator 2019.2
Copyright 1986-1999, 2001-2019 Xilinx, Inc. All Rights Reserved.
Running: D:/Xilinx/Vivado/2019.2/bin/unwrapped/win64.o/xelab.exe -wto 1cd5fe1366244382ab9d9a1c30e7fe84 --incr --debug typical --relax --mt 2 -L xil_defaultlib -L unisims_ver -L unimacro_ver -L secureip --snapshot alu_tb_behav xil_defaultlib.alu_tb xil_defaultlib.glbl -log elaborate.log 
Using 2 slave threads.
Starting static elaboration
Pass Through NonSizing Optimizer
Completed static elaboration
Starting simulation data flow analysis
Completed simulation data flow analysis
Time Resolution for simulation is 1ps
Compiling module xil_defaultlib.alu
Compiling module xil_defaultlib.alu_tb
Compiling module xil_defaultlib.glbl
Built simulation snapshot alu_tb_behav
INFO: [USF-XSim-69] 'elaborate' step finished in '2' seconds
INFO: [USF-XSim-4] XSim::Simulate design
INFO: [USF-XSim-61] Executing 'SIMULATE' step in 'C:/Users/8200402/Desktop/project_1/project_1.sim/sim_1/behav/xsim'
INFO: [USF-XSim-98] *** Running xsim
   with args "alu_tb_behav -key {Behavioral:sim_1:Functional:alu_tb} -tclbatch {alu_tb.tcl} -log {simulate.log}"
INFO: [USF-XSim-8] Loading simulator feature
Vivado Simulator 2019.2
Time resolution is 1 ps
source alu_tb.tcl
# set curr_wave [current_wave_config]
# if { [string length $curr_wave] == 0 } {
#   if { [llength [get_objects]] > 0} {
#     add_wave /
#     set_property needs_save false [current_wave_config]
#   } else {
#      send_msg_id Add_Wave-1 WARNING "No top level signals found. Simulator will start without a wave window. If you want to open a wave window go to 'File->New Waveform Configuration' or type 'create_wave_config' in the TCL console."
#   }
# }
# run 10000ns
GOOD  3 +  4 =  7
GOOD  7 +  9 =  0
GOOD  5 -  4 =  1
GOOD  8 -  3 =  5
GOOD  3 <<  1 =  6
GOOD  9 <<  2 =  4
GOOD  1 <  1 =  0
BAD  2 <  5 =  0
GOOD  8 <  7 =  0
BAD  0 < 11 =  0
GOOD  9 ^  9 =  0
GOOD  9 ^  8 =  1
GOOD  6 >>  4 =  0
GOOD 15 >>  8 =  0
GOOD  7 >>>  2 =  1
GOOD  6 >>>  1 =  3
BAD  0 |  1 =  0
BAD 12 |  5 =  0
GOOD  0 &  0 =  0
BAD  9 &  3 =  0
GOOD  5 ==  5 = 1
GOOD 15 ==  1 = 0
GOOD  5 !=  5 = 0
GOOD 15 !=  1 = 1
GOOD  4 < 11 = 0
GOOD  5 <  4 = 0
GOOD 10 >  2 = 0
GOOD  3 >  5 = 0
GOOD 12 < 11 = 0
GOOD  5 <  4 = 0
BAD  6 >=  2 = 0
GOOD  3 >=  5 = 0
$stop called at time : 6400 ns : File "C:/Users/8200402/Desktop/project_1/project_1.srcs/sim_1/new/alu_tb.v" Line 59
INFO: [USF-XSim-96] XSim completed. Design snapshot 'alu_tb_behav' loaded.
INFO: [USF-XSim-97] XSim simulation ran for 10000ns
launch_simulation: Time (s): cpu = 00:00:02 ; elapsed = 00:00:06 . Memory (MB): peak = 988.277 ; gain = 0.000
close_sim
INFO: [Simtcl 6-16] Simulation closed
launch_simulation
Command: launch_simulation 
INFO: [Vivado 12-5682] Launching behavioral simulation in 'C:/Users/8200402/Desktop/project_1/project_1.sim/sim_1/behav/xsim'
INFO: [SIM-utils-51] Simulation object is 'sim_1'
INFO: [SIM-utils-54] Inspecting design source files for 'alu_tb' in fileset 'sim_1'...
INFO: [USF-XSim-97] Finding global include files...
INFO: [USF-XSim-98] Fetching design files from 'sim_1'...
INFO: [USF-XSim-2] XSim::Compile design
INFO: [USF-XSim-61] Executing 'COMPILE and ANALYZE' step in 'C:/Users/8200402/Desktop/project_1/project_1.sim/sim_1/behav/xsim'
"xvlog --incr --relax -prj alu_tb_vlog.prj"
INFO: [VRFC 10-2263] Analyzing Verilog file "C:/Users/8200402/Desktop/project_1/project_1.srcs/sources_1/new/alu.v" into library xil_defaultlib
INFO: [VRFC 10-311] analyzing module alu
INFO: [VRFC 10-2263] Analyzing Verilog file "C:/Users/8200402/Desktop/project_1/project_1.srcs/sim_1/new/alu_tb.v" into library xil_defaultlib
INFO: [VRFC 10-311] analyzing module alu_tb
INFO: [USF-XSim-69] 'compile' step finished in '1' seconds
INFO: [USF-XSim-3] XSim::Elaborate design
INFO: [USF-XSim-61] Executing 'ELABORATE' step in 'C:/Users/8200402/Desktop/project_1/project_1.sim/sim_1/behav/xsim'
"xelab -wto 1cd5fe1366244382ab9d9a1c30e7fe84 --incr --debug typical --relax --mt 2 -L xil_defaultlib -L unisims_ver -L unimacro_ver -L secureip --snapshot alu_tb_behav xil_defaultlib.alu_tb xil_defaultlib.glbl -log elaborate.log"
Vivado Simulator 2019.2
Copyright 1986-1999, 2001-2019 Xilinx, Inc. All Rights Reserved.
Running: D:/Xilinx/Vivado/2019.2/bin/unwrapped/win64.o/xelab.exe -wto 1cd5fe1366244382ab9d9a1c30e7fe84 --incr --debug typical --relax --mt 2 -L xil_defaultlib -L unisims_ver -L unimacro_ver -L secureip --snapshot alu_tb_behav xil_defaultlib.alu_tb xil_defaultlib.glbl -log elaborate.log 
Using 2 slave threads.
Starting static elaboration
Pass Through NonSizing Optimizer
Completed static elaboration
Starting simulation data flow analysis
Completed simulation data flow analysis
Time Resolution for simulation is 1ps
Compiling module xil_defaultlib.alu
Compiling module xil_defaultlib.alu_tb
Compiling module xil_defaultlib.glbl
Built simulation snapshot alu_tb_behav
INFO: [USF-XSim-69] 'elaborate' step finished in '2' seconds
INFO: [USF-XSim-4] XSim::Simulate design
INFO: [USF-XSim-61] Executing 'SIMULATE' step in 'C:/Users/8200402/Desktop/project_1/project_1.sim/sim_1/behav/xsim'
INFO: [USF-XSim-98] *** Running xsim
   with args "alu_tb_behav -key {Behavioral:sim_1:Functional:alu_tb} -tclbatch {alu_tb.tcl} -log {simulate.log}"
INFO: [USF-XSim-8] Loading simulator feature
Vivado Simulator 2019.2
Time resolution is 1 ps
source alu_tb.tcl
# set curr_wave [current_wave_config]
# if { [string length $curr_wave] == 0 } {
#   if { [llength [get_objects]] > 0} {
#     add_wave /
#     set_property needs_save false [current_wave_config]
#   } else {
#      send_msg_id Add_Wave-1 WARNING "No top level signals found. Simulator will start without a wave window. If you want to open a wave window go to 'File->New Waveform Configuration' or type 'create_wave_config' in the TCL console."
#   }
# }
# run 10000ns
GOOD  3 +  4 =  7
GOOD  7 +  9 =  0
GOOD  5 -  4 =  1
GOOD  8 -  3 =  5
GOOD  3 <<  1 =  6
GOOD  9 <<  2 =  4
GOOD  1 <  1 =  0
BAD  2 <  5 =  0
GOOD  8 <  7 =  0
BAD  0 < 11 =  0
GOOD  9 ^  9 =  0
GOOD  9 ^  8 =  1
GOOD  6 >>  4 =  0
GOOD 15 >>  8 =  0
GOOD  7 >>>  2 =  1
GOOD  6 >>>  1 =  3
BAD  0 |  1 =  0
BAD 12 |  5 =  0
GOOD  0 &  0 =  0
BAD  9 &  3 =  0
GOOD  5 ==  5 = 1
GOOD 15 ==  1 = 0
GOOD  5 !=  5 = 0
GOOD 15 !=  1 = 1
GOOD  4 < 11 = 0
GOOD  5 <  4 = 0
GOOD 10 >  2 = 0
GOOD  3 >  5 = 0
GOOD 12 < 11 = 0
GOOD  5 <  4 = 0
BAD  6 >=  2 = 0
GOOD  3 >=  5 = 0
$stop called at time : 6400 ns : File "C:/Users/8200402/Desktop/project_1/project_1.srcs/sim_1/new/alu_tb.v" Line 59
INFO: [USF-XSim-96] XSim completed. Design snapshot 'alu_tb_behav' loaded.
INFO: [USF-XSim-97] XSim simulation ran for 10000ns
launch_simulation: Time (s): cpu = 00:00:03 ; elapsed = 00:00:06 . Memory (MB): peak = 991.266 ; gain = 0.555
close_sim
INFO: [Simtcl 6-16] Simulation closed
launch_simulation
Command: launch_simulation 
INFO: [Vivado 12-5682] Launching behavioral simulation in 'C:/Users/8200402/Desktop/project_1/project_1.sim/sim_1/behav/xsim'
INFO: [SIM-utils-51] Simulation object is 'sim_1'
INFO: [SIM-utils-54] Inspecting design source files for 'alu_tb' in fileset 'sim_1'...
INFO: [USF-XSim-97] Finding global include files...
INFO: [USF-XSim-98] Fetching design files from 'sim_1'...
INFO: [USF-XSim-2] XSim::Compile design
INFO: [USF-XSim-61] Executing 'COMPILE and ANALYZE' step in 'C:/Users/8200402/Desktop/project_1/project_1.sim/sim_1/behav/xsim'
"xvlog --incr --relax -prj alu_tb_vlog.prj"
INFO: [VRFC 10-2263] Analyzing Verilog file "C:/Users/8200402/Desktop/project_1/project_1.srcs/sources_1/new/alu.v" into library xil_defaultlib
INFO: [VRFC 10-311] analyzing module alu
INFO: [VRFC 10-2263] Analyzing Verilog file "C:/Users/8200402/Desktop/project_1/project_1.srcs/sim_1/new/alu_tb.v" into library xil_defaultlib
INFO: [VRFC 10-311] analyzing module alu_tb
INFO: [USF-XSim-69] 'compile' step finished in '2' seconds
INFO: [USF-XSim-3] XSim::Elaborate design
INFO: [USF-XSim-61] Executing 'ELABORATE' step in 'C:/Users/8200402/Desktop/project_1/project_1.sim/sim_1/behav/xsim'
"xelab -wto 1cd5fe1366244382ab9d9a1c30e7fe84 --incr --debug typical --relax --mt 2 -L xil_defaultlib -L unisims_ver -L unimacro_ver -L secureip --snapshot alu_tb_behav xil_defaultlib.alu_tb xil_defaultlib.glbl -log elaborate.log"
Vivado Simulator 2019.2
Copyright 1986-1999, 2001-2019 Xilinx, Inc. All Rights Reserved.
Running: D:/Xilinx/Vivado/2019.2/bin/unwrapped/win64.o/xelab.exe -wto 1cd5fe1366244382ab9d9a1c30e7fe84 --incr --debug typical --relax --mt 2 -L xil_defaultlib -L unisims_ver -L unimacro_ver -L secureip --snapshot alu_tb_behav xil_defaultlib.alu_tb xil_defaultlib.glbl -log elaborate.log 
Using 2 slave threads.
Starting static elaboration
Pass Through NonSizing Optimizer
Completed static elaboration
Starting simulation data flow analysis
Completed simulation data flow analysis
Time Resolution for simulation is 1ps
Compiling module xil_defaultlib.alu
Compiling module xil_defaultlib.alu_tb
Compiling module xil_defaultlib.glbl
Built simulation snapshot alu_tb_behav
INFO: [USF-XSim-69] 'elaborate' step finished in '2' seconds
INFO: [USF-XSim-4] XSim::Simulate design
INFO: [USF-XSim-61] Executing 'SIMULATE' step in 'C:/Users/8200402/Desktop/project_1/project_1.sim/sim_1/behav/xsim'
INFO: [USF-XSim-98] *** Running xsim
   with args "alu_tb_behav -key {Behavioral:sim_1:Functional:alu_tb} -tclbatch {alu_tb.tcl} -log {simulate.log}"
INFO: [USF-XSim-8] Loading simulator feature
Vivado Simulator 2019.2
Time resolution is 1 ps
source alu_tb.tcl
# set curr_wave [current_wave_config]
# if { [string length $curr_wave] == 0 } {
#   if { [llength [get_objects]] > 0} {
#     add_wave /
#     set_property needs_save false [current_wave_config]
#   } else {
#      send_msg_id Add_Wave-1 WARNING "No top level signals found. Simulator will start without a wave window. If you want to open a wave window go to 'File->New Waveform Configuration' or type 'create_wave_config' in the TCL console."
#   }
# }
# run 10000ns
GOOD  3 +  4 =  7
GOOD  7 +  9 =  0
GOOD  5 -  4 =  1
GOOD  8 -  3 =  5
GOOD  3 <<  1 =  6
GOOD  9 <<  2 =  4
GOOD  1 <  1 =  0
BAD  2 <  5 =  0
GOOD  8 <  7 =  0
BAD  0 < 11 =  0
GOOD  9 ^  9 =  0
GOOD  9 ^  8 =  1
GOOD  6 >>  4 =  0
GOOD 15 >>  8 =  0
GOOD  7 >>>  2 =  1
GOOD  6 >>>  1 =  3
BAD  0 |  1 =  0
BAD 12 |  5 =  0
GOOD  0 &  0 =  0
BAD  9 &  3 =  0
GOOD  5 ==  5 = 1
GOOD 15 ==  1 = 0
GOOD  5 !=  5 = 0
GOOD 15 !=  1 = 1
GOOD  4 < 11 = 0
GOOD  5 <  4 = 0
GOOD 10 >  2 = 0
GOOD  3 >  5 = 0
GOOD 12 < 11 = 0
GOOD  5 <  4 = 0
BAD  6 >=  2 = 0
GOOD  3 >=  5 = 0
$stop called at time : 6400 ns : File "C:/Users/8200402/Desktop/project_1/project_1.srcs/sim_1/new/alu_tb.v" Line 59
INFO: [USF-XSim-96] XSim completed. Design snapshot 'alu_tb_behav' loaded.
INFO: [USF-XSim-97] XSim simulation ran for 10000ns
launch_simulation: Time (s): cpu = 00:00:03 ; elapsed = 00:00:06 . Memory (MB): peak = 993.930 ; gain = 2.664
close_sim
INFO: [Simtcl 6-16] Simulation closed
launch_simulation
Command: launch_simulation 
INFO: [Vivado 12-5682] Launching behavioral simulation in 'C:/Users/8200402/Desktop/project_1/project_1.sim/sim_1/behav/xsim'
INFO: [SIM-utils-51] Simulation object is 'sim_1'
INFO: [SIM-utils-54] Inspecting design source files for 'alu_tb' in fileset 'sim_1'...
INFO: [USF-XSim-97] Finding global include files...
INFO: [USF-XSim-98] Fetching design files from 'sim_1'...
INFO: [USF-XSim-2] XSim::Compile design
INFO: [USF-XSim-61] Executing 'COMPILE and ANALYZE' step in 'C:/Users/8200402/Desktop/project_1/project_1.sim/sim_1/behav/xsim'
"xvlog --incr --relax -prj alu_tb_vlog.prj"
INFO: [VRFC 10-2263] Analyzing Verilog file "C:/Users/8200402/Desktop/project_1/project_1.srcs/sources_1/new/alu.v" into library xil_defaultlib
INFO: [VRFC 10-311] analyzing module alu
INFO: [VRFC 10-2263] Analyzing Verilog file "C:/Users/8200402/Desktop/project_1/project_1.srcs/sim_1/new/alu_tb.v" into library xil_defaultlib
INFO: [VRFC 10-311] analyzing module alu_tb
INFO: [USF-XSim-69] 'compile' step finished in '1' seconds
INFO: [USF-XSim-3] XSim::Elaborate design
INFO: [USF-XSim-61] Executing 'ELABORATE' step in 'C:/Users/8200402/Desktop/project_1/project_1.sim/sim_1/behav/xsim'
"xelab -wto 1cd5fe1366244382ab9d9a1c30e7fe84 --incr --debug typical --relax --mt 2 -L xil_defaultlib -L unisims_ver -L unimacro_ver -L secureip --snapshot alu_tb_behav xil_defaultlib.alu_tb xil_defaultlib.glbl -log elaborate.log"
Vivado Simulator 2019.2
Copyright 1986-1999, 2001-2019 Xilinx, Inc. All Rights Reserved.
Running: D:/Xilinx/Vivado/2019.2/bin/unwrapped/win64.o/xelab.exe -wto 1cd5fe1366244382ab9d9a1c30e7fe84 --incr --debug typical --relax --mt 2 -L xil_defaultlib -L unisims_ver -L unimacro_ver -L secureip --snapshot alu_tb_behav xil_defaultlib.alu_tb xil_defaultlib.glbl -log elaborate.log 
Using 2 slave threads.
Starting static elaboration
Pass Through NonSizing Optimizer
Completed static elaboration
Starting simulation data flow analysis
Completed simulation data flow analysis
Time Resolution for simulation is 1ps
Compiling module xil_defaultlib.alu
Compiling module xil_defaultlib.alu_tb
Compiling module xil_defaultlib.glbl
Built simulation snapshot alu_tb_behav
INFO: [USF-XSim-69] 'elaborate' step finished in '2' seconds
INFO: [USF-XSim-4] XSim::Simulate design
INFO: [USF-XSim-61] Executing 'SIMULATE' step in 'C:/Users/8200402/Desktop/project_1/project_1.sim/sim_1/behav/xsim'
INFO: [USF-XSim-98] *** Running xsim
   with args "alu_tb_behav -key {Behavioral:sim_1:Functional:alu_tb} -tclbatch {alu_tb.tcl} -log {simulate.log}"
INFO: [USF-XSim-8] Loading simulator feature
Vivado Simulator 2019.2
Time resolution is 1 ps
source alu_tb.tcl
# set curr_wave [current_wave_config]
# if { [string length $curr_wave] == 0 } {
#   if { [llength [get_objects]] > 0} {
#     add_wave /
#     set_property needs_save false [current_wave_config]
#   } else {
#      send_msg_id Add_Wave-1 WARNING "No top level signals found. Simulator will start without a wave window. If you want to open a wave window go to 'File->New Waveform Configuration' or type 'create_wave_config' in the TCL console."
#   }
# }
# run 10000ns
GOOD  3 +  4 =  7
GOOD  7 +  9 =  0
GOOD  5 -  4 =  1
GOOD  8 -  3 =  5
GOOD  3 <<  1 =  6
GOOD  9 <<  2 =  4
GOOD  1 <  1 =  0
GOOD  2 <  5 =  1
GOOD  8 <  7 =  0
GOOD  0 < 11 =  1
GOOD  9 ^  9 =  0
GOOD  9 ^  8 =  1
GOOD  6 >>  4 =  0
GOOD 15 >>  8 =  0
GOOD  7 >>>  2 =  1
GOOD  6 >>>  1 =  3
GOOD  0 |  1 =  1
GOOD 12 |  5 = 13
GOOD  0 &  0 =  0
GOOD  9 &  3 =  1
GOOD  5 ==  5 = 1
GOOD 15 ==  1 = 0
GOOD  5 !=  5 = 0
GOOD 15 !=  1 = 1
GOOD  4 < 11 = 0
GOOD  5 <  4 = 0
GOOD 10 >  2 = 0
GOOD  3 >  5 = 0
GOOD 12 < 11 = 0
GOOD  5 <  4 = 0
GOOD  6 >=  2 = 1
GOOD  3 >=  5 = 0
$stop called at time : 6400 ns : File "C:/Users/8200402/Desktop/project_1/project_1.srcs/sim_1/new/alu_tb.v" Line 59
INFO: [USF-XSim-96] XSim completed. Design snapshot 'alu_tb_behav' loaded.
INFO: [USF-XSim-97] XSim simulation ran for 10000ns
launch_simulation: Time (s): cpu = 00:00:02 ; elapsed = 00:00:06 . Memory (MB): peak = 1042.035 ; gain = 0.000
close_sim
INFO: [Simtcl 6-16] Simulation closed
launch_simulation
Command: launch_simulation 
INFO: [Vivado 12-5682] Launching behavioral simulation in 'C:/Users/8200402/Desktop/project_1/project_1.sim/sim_1/behav/xsim'
INFO: [SIM-utils-51] Simulation object is 'sim_1'
INFO: [SIM-utils-54] Inspecting design source files for 'alu_tb' in fileset 'sim_1'...
INFO: [USF-XSim-97] Finding global include files...
INFO: [USF-XSim-98] Fetching design files from 'sim_1'...
INFO: [USF-XSim-2] XSim::Compile design
INFO: [USF-XSim-61] Executing 'COMPILE and ANALYZE' step in 'C:/Users/8200402/Desktop/project_1/project_1.sim/sim_1/behav/xsim'
"xvlog --incr --relax -prj alu_tb_vlog.prj"
INFO: [VRFC 10-2263] Analyzing Verilog file "C:/Users/8200402/Desktop/project_1/project_1.srcs/sources_1/new/alu.v" into library xil_defaultlib
INFO: [VRFC 10-311] analyzing module alu
INFO: [VRFC 10-2263] Analyzing Verilog file "C:/Users/8200402/Desktop/project_1/project_1.srcs/sim_1/new/alu_tb.v" into library xil_defaultlib
INFO: [VRFC 10-311] analyzing module alu_tb
INFO: [USF-XSim-69] 'compile' step finished in '2' seconds
INFO: [USF-XSim-3] XSim::Elaborate design
INFO: [USF-XSim-61] Executing 'ELABORATE' step in 'C:/Users/8200402/Desktop/project_1/project_1.sim/sim_1/behav/xsim'
"xelab -wto 1cd5fe1366244382ab9d9a1c30e7fe84 --incr --debug typical --relax --mt 2 -L xil_defaultlib -L unisims_ver -L unimacro_ver -L secureip --snapshot alu_tb_behav xil_defaultlib.alu_tb xil_defaultlib.glbl -log elaborate.log"
Vivado Simulator 2019.2
Copyright 1986-1999, 2001-2019 Xilinx, Inc. All Rights Reserved.
Running: D:/Xilinx/Vivado/2019.2/bin/unwrapped/win64.o/xelab.exe -wto 1cd5fe1366244382ab9d9a1c30e7fe84 --incr --debug typical --relax --mt 2 -L xil_defaultlib -L unisims_ver -L unimacro_ver -L secureip --snapshot alu_tb_behav xil_defaultlib.alu_tb xil_defaultlib.glbl -log elaborate.log 
Using 2 slave threads.
Starting static elaboration
Pass Through NonSizing Optimizer
Completed static elaboration
Starting simulation data flow analysis
Completed simulation data flow analysis
Time Resolution for simulation is 1ps
Compiling module xil_defaultlib.alu
Compiling module xil_defaultlib.alu_tb
Compiling module xil_defaultlib.glbl
Built simulation snapshot alu_tb_behav
INFO: [USF-XSim-69] 'elaborate' step finished in '4' seconds
INFO: [USF-XSim-4] XSim::Simulate design
INFO: [USF-XSim-61] Executing 'SIMULATE' step in 'C:/Users/8200402/Desktop/project_1/project_1.sim/sim_1/behav/xsim'
INFO: [USF-XSim-98] *** Running xsim
   with args "alu_tb_behav -key {Behavioral:sim_1:Functional:alu_tb} -tclbatch {alu_tb.tcl} -log {simulate.log}"
INFO: [USF-XSim-8] Loading simulator feature
Vivado Simulator 2019.2
Time resolution is 1 ps
source alu_tb.tcl
# set curr_wave [current_wave_config]
# if { [string length $curr_wave] == 0 } {
#   if { [llength [get_objects]] > 0} {
#     add_wave /
#     set_property needs_save false [current_wave_config]
#   } else {
#      send_msg_id Add_Wave-1 WARNING "No top level signals found. Simulator will start without a wave window. If you want to open a wave window go to 'File->New Waveform Configuration' or type 'create_wave_config' in the TCL console."
#   }
# }
# run 10000ns
GOOD  3 +  4 =  7
GOOD  7 +  9 =  0
GOOD  5 -  4 =  1
GOOD  8 -  3 =  5
GOOD  3 <<  1 =  6
GOOD  9 <<  2 =  4
GOOD 15 <  1 =  1
GOOD  2 <  5 =  1
GOOD  8 <  7 =  0
GOOD  0 < 11 =  1
GOOD  9 ^  9 =  0
GOOD  9 ^  8 =  1
GOOD  6 >>  4 =  0
GOOD 15 >>  8 =  0
GOOD  7 >>>  2 =  1
GOOD  6 >>>  1 =  3
GOOD  0 |  1 =  1
GOOD 12 |  5 = 13
GOOD  0 &  0 =  0
GOOD  9 &  3 =  1
GOOD  5 ==  5 = 1
GOOD 15 ==  1 = 0
GOOD  5 !=  5 = 0
GOOD 15 !=  1 = 1
GOOD  4 < 11 = 0
GOOD  5 <  4 = 0
GOOD 10 >  2 = 0
GOOD  3 >  5 = 0
GOOD 12 < 11 = 0
GOOD  5 <  4 = 0
GOOD  6 >=  2 = 1
GOOD  3 >=  5 = 0
$stop called at time : 6400 ns : File "C:/Users/8200402/Desktop/project_1/project_1.srcs/sim_1/new/alu_tb.v" Line 59
INFO: [USF-XSim-96] XSim completed. Design snapshot 'alu_tb_behav' loaded.
INFO: [USF-XSim-97] XSim simulation ran for 10000ns
launch_simulation: Time (s): cpu = 00:00:01 ; elapsed = 00:00:08 . Memory (MB): peak = 1042.035 ; gain = 0.000
close_sim
INFO: [Simtcl 6-16] Simulation closed
launch_simulation
Command: launch_simulation 
INFO: [Vivado 12-5682] Launching behavioral simulation in 'C:/Users/8200402/Desktop/project_1/project_1.sim/sim_1/behav/xsim'
INFO: [SIM-utils-51] Simulation object is 'sim_1'
INFO: [SIM-utils-54] Inspecting design source files for 'alu_tb' in fileset 'sim_1'...
INFO: [USF-XSim-97] Finding global include files...
INFO: [USF-XSim-98] Fetching design files from 'sim_1'...
INFO: [USF-XSim-2] XSim::Compile design
INFO: [USF-XSim-61] Executing 'COMPILE and ANALYZE' step in 'C:/Users/8200402/Desktop/project_1/project_1.sim/sim_1/behav/xsim'
"xvlog --incr --relax -prj alu_tb_vlog.prj"
INFO: [VRFC 10-2263] Analyzing Verilog file "C:/Users/8200402/Desktop/project_1/project_1.srcs/sources_1/new/alu.v" into library xil_defaultlib
INFO: [VRFC 10-311] analyzing module alu
INFO: [VRFC 10-2263] Analyzing Verilog file "C:/Users/8200402/Desktop/project_1/project_1.srcs/sim_1/new/alu_tb.v" into library xil_defaultlib
INFO: [VRFC 10-311] analyzing module alu_tb
INFO: [USF-XSim-69] 'compile' step finished in '2' seconds
INFO: [USF-XSim-3] XSim::Elaborate design
INFO: [USF-XSim-61] Executing 'ELABORATE' step in 'C:/Users/8200402/Desktop/project_1/project_1.sim/sim_1/behav/xsim'
"xelab -wto 1cd5fe1366244382ab9d9a1c30e7fe84 --incr --debug typical --relax --mt 2 -L xil_defaultlib -L unisims_ver -L unimacro_ver -L secureip --snapshot alu_tb_behav xil_defaultlib.alu_tb xil_defaultlib.glbl -log elaborate.log"
Vivado Simulator 2019.2
Copyright 1986-1999, 2001-2019 Xilinx, Inc. All Rights Reserved.
Running: D:/Xilinx/Vivado/2019.2/bin/unwrapped/win64.o/xelab.exe -wto 1cd5fe1366244382ab9d9a1c30e7fe84 --incr --debug typical --relax --mt 2 -L xil_defaultlib -L unisims_ver -L unimacro_ver -L secureip --snapshot alu_tb_behav xil_defaultlib.alu_tb xil_defaultlib.glbl -log elaborate.log 
Using 2 slave threads.
Starting static elaboration
Pass Through NonSizing Optimizer
Completed static elaboration
Starting simulation data flow analysis
Completed simulation data flow analysis
Time Resolution for simulation is 1ps
Compiling module xil_defaultlib.alu
Compiling module xil_defaultlib.alu_tb
Compiling module xil_defaultlib.glbl
Built simulation snapshot alu_tb_behav
INFO: [USF-XSim-69] 'elaborate' step finished in '1' seconds
INFO: [USF-XSim-4] XSim::Simulate design
INFO: [USF-XSim-61] Executing 'SIMULATE' step in 'C:/Users/8200402/Desktop/project_1/project_1.sim/sim_1/behav/xsim'
INFO: [USF-XSim-98] *** Running xsim
   with args "alu_tb_behav -key {Behavioral:sim_1:Functional:alu_tb} -tclbatch {alu_tb.tcl} -log {simulate.log}"
INFO: [USF-XSim-8] Loading simulator feature
Vivado Simulator 2019.2
Time resolution is 1 ps
source alu_tb.tcl
# set curr_wave [current_wave_config]
# if { [string length $curr_wave] == 0 } {
#   if { [llength [get_objects]] > 0} {
#     add_wave /
#     set_property needs_save false [current_wave_config]
#   } else {
#      send_msg_id Add_Wave-1 WARNING "No top level signals found. Simulator will start without a wave window. If you want to open a wave window go to 'File->New Waveform Configuration' or type 'create_wave_config' in the TCL console."
#   }
# }
# run 10000ns
GOOD  3 +  4 =  7
GOOD  7 +  9 =  0
GOOD  5 -  4 =  1
GOOD  8 -  3 =  5
GOOD  3 <<  1 =  6
GOOD  9 <<  2 =  4
GOOD 15 <  1 =  1
GOOD  2 <  5 =  1
GOOD  8 <  7 =  0
GOOD  0 < 11 =  1
GOOD  9 ^  9 =  0
GOOD  9 ^  8 =  1
GOOD  6 >>  4 =  0
GOOD 15 >>  8 =  0
GOOD  7 >>>  2 =  1
GOOD  6 >>>  1 =  3
GOOD  0 |  1 =  1
GOOD 12 |  5 = 13
GOOD  0 &  0 =  0
GOOD  9 &  3 =  1
GOOD  5 ==  5 = 1
GOOD 15 ==  1 = 0
GOOD  5 !=  5 = 0
GOOD 15 !=  1 = 1
GOOD  4 < 11 = 0
GOOD  5 <  4 = 0
GOOD 10 >  2 = 0
GOOD  3 >  5 = 0
GOOD 12 < 11 = 0
GOOD  5 <  4 = 0
GOOD  6 >=  2 = 1
GOOD  3 >=  5 = 0
$stop called at time : 6400 ns : File "C:/Users/8200402/Desktop/project_1/project_1.srcs/sim_1/new/alu_tb.v" Line 59
INFO: [USF-XSim-96] XSim completed. Design snapshot 'alu_tb_behav' loaded.
INFO: [USF-XSim-97] XSim simulation ran for 10000ns
launch_simulation: Time (s): cpu = 00:00:03 ; elapsed = 00:00:07 . Memory (MB): peak = 1042.867 ; gain = 0.000
close_sim
INFO: [Simtcl 6-16] Simulation closed
exit
INFO: [Common 17-206] Exiting Vivado at Tue Sep 27 17:53:55 2022...
